# JRE version: Java(TM) SE Runtime Environment (8.0_171-b11) (build 1.8.0_171-b11)
# Java VM: Java HotSpot(TM) 64-Bit Server VM (25.171-b11 mixed mode windows-amd64 compressed oops)
Heap:
 PSYoungGen      total 70656K, used 10260K [0x00000000d7180000, 0x00000000dfe80000, 0x0000000100000000)
  eden space 61952K, 2% used [0x00000000d7180000,0x00000000d7309690,0x00000000dae00000)
  from space 8704K, 99% used [0x00000000df600000,0x00000000dfe7ba98,0x00000000dfe80000)
  to   space 10752K, 0% used [0x00000000de980000,0x00000000de980000,0x00000000df400000)
 ParOldGen       total 60416K, used 9652K [0x0000000085400000, 0x0000000088f00000, 0x00000000d7180000)
  object space 60416K, 15% used [0x0000000085400000,0x0000000085d6d250,0x0000000088f00000)
 Metaspace       used 27163K, capacity 27788K, committed 28032K, reserved 1073152K
  class space    used 3223K, capacity 3435K, committed 3456K, reserved 1048576K
GC Heap History (10 events):
Event: 1.823 GC heap before
{Heap before GC invocations=3 (full 0):
 PSYoungGen      total 36864K, used 36849K [0x00000000d7180000, 0x00000000d9a80000, 0x0000000100000000)
  eden space 31744K, 100% used [0x00000000d7180000,0x00000000d9080000,0x00000000d9080000)
  from space 5120K, 99% used [0x00000000d9580000,0x00000000d9a7c6e8,0x00000000d9a80000)
  to   space 5120K, 0% used [0x00000000d9080000,0x00000000d9080000,0x00000000d9580000)
 ParOldGen       total 84992K, used 1331K [0x0000000085400000, 0x000000008a700000, 0x00000000d7180000)
  object space 84992K, 1% used [0x0000000085400000,0x000000008554cfe8,0x000000008a700000)
 Metaspace       used 15602K, capacity 15798K, committed 16128K, reserved 1062912K
  class space    used 1890K, capacity 1971K, committed 2048K, reserved 1048576K
Event: 1.831 GC heap after
Heap after GC invocations=3 (full 0):
 PSYoungGen      total 36864K, used 5115K [0x00000000d7180000, 0x00000000db980000, 0x0000000100000000)
  eden space 31744K, 0% used [0x00000000d7180000,0x00000000d7180000,0x00000000d9080000)
  from space 5120K, 99% used [0x00000000d9080000,0x00000000d957ed48,0x00000000d9580000)
  to   space 5120K, 0% used [0x00000000db480000,0x00000000db480000,0x00000000db980000)
 ParOldGen       total 84992K, used 3867K [0x0000000085400000, 0x000000008a700000, 0x00000000d7180000)
  object space 84992K, 4% used [0x0000000085400000,0x00000000857c6e98,0x000000008a700000)
 Metaspace       used 15602K, capacity 15798K, committed 16128K, reserved 1062912K
  class space    used 1890K, capacity 1971K, committed 2048K, reserved 1048576K
}
Event: 2.274 GC heap before
{Heap before GC invocations=4 (full 0):
 PSYoungGen      total 36864K, used 36859K [0x00000000d7180000, 0x00000000db980000, 0x0000000100000000)
  eden space 31744K, 100% used [0x00000000d7180000,0x00000000d9080000,0x00000000d9080000)
  from space 5120K, 99% used [0x00000000d9080000,0x00000000d957ed48,0x00000000d9580000)
  to   space 5120K, 0% used [0x00000000db480000,0x00000000db480000,0x00000000db980000)
 ParOldGen       total 84992K, used 3867K [0x0000000085400000, 0x000000008a700000, 0x00000000d7180000)
  object space 84992K, 4% used [0x0000000085400000,0x00000000857c6e98,0x000000008a700000)
 Metaspace       used 17065K, capacity 17490K, committed 17792K, reserved 1064960K
  class space    used 2034K, capacity 2151K, committed 2176K, reserved 1048576K
Event: 2.284 GC heap after
Heap after GC invocations=4 (full 0):
 PSYoungGen      total 68608K, used 5112K [0x00000000d7180000, 0x00000000db980000, 0x0000000100000000)
  eden space 63488K, 0% used [0x00000000d7180000,0x00000000d7180000,0x00000000daf80000)
  from space 5120K, 99% used [0x00000000db480000,0x00000000db97e050,0x00000000db980000)
  to   space 5120K, 0% used [0x00000000daf80000,0x00000000daf80000,0x00000000db480000)
 ParOldGen       total 84992K, used 6248K [0x0000000085400000, 0x000000008a700000, 0x00000000d7180000)
  object space 84992K, 7% used [0x0000000085400000,0x0000000085a1a110,0x000000008a700000)
 Metaspace       used 17065K, capacity 17490K, committed 17792K, reserved 1064960K
  class space    used 2034K, capacity 2151K, committed 2176K, reserved 1048576K
}
Event: 3.260 GC heap before
{Heap before GC invocations=5 (full 0):
 PSYoungGen      total 68608K, used 21898K [0x00000000d7180000, 0x00000000db980000, 0x0000000100000000)
  eden space 63488K, 26% used [0x00000000d7180000,0x00000000d81e49c8,0x00000000daf80000)
  from space 5120K, 99% used [0x00000000db480000,0x00000000db97e050,0x00000000db980000)
  to   space 5120K, 0% used [0x00000000daf80000,0x00000000daf80000,0x00000000db480000)
 ParOldGen       total 84992K, used 6248K [0x0000000085400000, 0x000000008a700000, 0x00000000d7180000)
  object space 84992K, 7% used [0x0000000085400000,0x0000000085a1a110,0x000000008a700000)
 Metaspace       used 20723K, capacity 21174K, committed 21296K, reserved 1069056K
  class space    used 2532K, capacity 2679K, committed 2688K, reserved 1048576K
Event: 3.269 GC heap after
Heap after GC invocations=5 (full 0):
 PSYoungGen      total 68608K, used 5112K [0x00000000d7180000, 0x00000000dfe80000, 0x0000000100000000)
  eden space 63488K, 0% used [0x00000000d7180000,0x00000000d7180000,0x00000000daf80000)
  from space 5120K, 99% used [0x00000000daf80000,0x00000000db47e030,0x00000000db480000)
  to   space 8704K, 0% used [0x00000000df600000,0x00000000df600000,0x00000000dfe80000)
 ParOldGen       total 84992K, used 7830K [0x0000000085400000, 0x000000008a700000, 0x00000000d7180000)
  object space 84992K, 9% used [0x0000000085400000,0x0000000085ba5a88,0x000000008a700000)
 Metaspace       used 20723K, capacity 21174K, committed 21296K, reserved 1069056K
  class space    used 2532K, capacity 2679K, committed 2688K, reserved 1048576K
}
Event: 3.269 GC heap before
{Heap before GC invocations=6 (full 1):
 PSYoungGen      total 68608K, used 5112K [0x00000000d7180000, 0x00000000dfe80000, 0x0000000100000000)
  eden space 63488K, 0% used [0x00000000d7180000,0x00000000d7180000,0x00000000daf80000)
  from space 5120K, 99% used [0x00000000daf80000,0x00000000db47e030,0x00000000db480000)
  to   space 8704K, 0% used [0x00000000df600000,0x00000000df600000,0x00000000dfe80000)
 ParOldGen       total 84992K, used 7830K [0x0000000085400000, 0x000000008a700000, 0x00000000d7180000)
  object space 84992K, 9% used [0x0000000085400000,0x0000000085ba5a88,0x000000008a700000)
 Metaspace       used 20723K, capacity 21174K, committed 21296K, reserved 1069056K
  class space    used 2532K, capacity 2679K, committed 2688K, reserved 1048576K
Event: 3.316 GC heap after
Heap after GC invocations=6 (full 1):
 PSYoungGen      total 68608K, used 0K [0x00000000d7180000, 0x00000000dfe80000, 0x0000000100000000)
  eden space 63488K, 0% used [0x00000000d7180000,0x00000000d7180000,0x00000000daf80000)
  from space 5120K, 0% used [0x00000000daf80000,0x00000000daf80000,0x00000000db480000)
  to   space 8704K, 0% used [0x00000000df600000,0x00000000df600000,0x00000000dfe80000)
 ParOldGen       total 60416K, used 7682K [0x0000000085400000, 0x0000000088f00000, 0x00000000d7180000)
  object space 60416K, 12% used [0x0000000085400000,0x0000000085b80ad8,0x0000000088f00000)
 Metaspace       used 20723K, capacity 21174K, committed 21296K, reserved 1069056K
  class space    used 2532K, capacity 2679K, committed 2688K, reserved 1048576K
}
Event: 68230.301 GC heap before
{Heap before GC invocations=7 (full 1):
 PSYoungGen      total 68608K, used 63488K [0x00000000d7180000, 0x00000000dfe80000, 0x0000000100000000)
  eden space 63488K, 100% used [0x00000000d7180000,0x00000000daf80000,0x00000000daf80000)
  from space 5120K, 0% used [0x00000000daf80000,0x00000000daf80000,0x00000000db480000)
  to   space 8704K, 0% used [0x00000000df600000,0x00000000df600000,0x00000000dfe80000)
 ParOldGen       total 60416K, used 7682K [0x0000000085400000, 0x0000000088f00000, 0x00000000d7180000)
  object space 60416K, 12% used [0x0000000085400000,0x0000000085b80ad8,0x0000000088f00000)
 Metaspace       used 27155K, capacity 27724K, committed 28032K, reserved 1073152K
  class space    used 3221K, capacity 3435K, committed 3456K, reserved 1048576K
Event: 68232.354 GC heap after
Heap after GC invocations=7 (full 1):
 PSYoungGen      total 70656K, used 8686K [0x00000000d7180000, 0x00000000dfe80000, 0x0000000100000000)
  eden space 61952K, 0% used [0x00000000d7180000,0x00000000d7180000,0x00000000dae00000)
  from space 8704K, 99% used [0x00000000df600000,0x00000000dfe7ba98,0x00000000dfe80000)
  to   space 10752K, 0% used [0x00000000de980000,0x00000000de980000,0x00000000df400000)
 ParOldGen       total 60416K, used 9652K [0x0000000085400000, 0x0000000088f00000, 0x00000000d7180000)
  object space 60416K, 15% used [0x0000000085400000,0x0000000085d6d250,0x0000000088f00000)
 Metaspace       used 27155K, capacity 27724K, committed 28032K, reserved 1073152K
  class space    used 3221K, capacity 3435K, committed 3456K, reserved 1048576K
}

